<?xml version="1.0" encoding="UTF-8"?>
<!-- Generated by org.testng.reporters.JUnitReportReporter -->
<testsuite hostname="IN-VKAPPALI-MBP.local" failures="0" tests="2" name="com.sdet.tests.TestCases" time="16.433" errors="0" timestamp="2023-08-31T00:10:08 IST" skipped="0">
  <testcase classname="com.sdet.tests.TestCases" name="testFillContactForm" time="8.773"/>
  <system-out/>
  <testcase classname="com.sdet.tests.TestCases" name="testVerifyTitles" time="7.660"/>
  <system-out/>
</testsuite> <!-- com.sdet.tests.TestCases -->
